0 info it worked if it ends with ok
1 verbose cli [ '/usr/local/bin/node',
1 verbose cli   '/usr/local/bin/npm',
1 verbose cli   'install',
1 verbose cli   'ejs',
1 verbose cli   '--save' ]
2 info using npm@3.9.5
3 info using node@v4.4.5
4 warn onload-script failed to require onload script npm-autoinit/autoinit
5 warn onload-script Error: Cannot find module 'npm-autoinit/autoinit'
5 warn onload-script     at Function.Module._resolveFilename (module.js:325:15)
5 warn onload-script     at Function.Module._load (module.js:276:25)
5 warn onload-script     at Module.require (module.js:353:17)
5 warn onload-script     at require (internal/module.js:12:17)
5 warn onload-script     at cb (/usr/local/lib/node_modules/npm/lib/npm.js:197:11)
5 warn onload-script     at /usr/local/lib/node_modules/npm/lib/npm.js:303:16
5 warn onload-script     at /usr/local/lib/node_modules/npm/lib/config/core.js:81:7
5 warn onload-script     at Array.forEach (native)
5 warn onload-script     at /usr/local/lib/node_modules/npm/lib/config/core.js:80:13
5 warn onload-script     at f (/usr/local/lib/node_modules/npm/node_modules/once/once.js:17:25)
5 warn onload-script  { [Error: Cannot find module 'npm-autoinit/autoinit'] code: 'MODULE_NOT_FOUND' }
6 silly loadCurrentTree Starting
7 silly install loadCurrentTree
8 silly install readLocalPackageData
9 silly fetchPackageMetaData ejs@^2.4.2
10 silly fetchNamedPackageData ejs
11 silly mapToRegistry name ejs
12 silly mapToRegistry using default registry
13 silly mapToRegistry registry https://registry.npmjs.org/
14 silly mapToRegistry data Result {
14 silly mapToRegistry   raw: 'ejs',
14 silly mapToRegistry   scope: null,
14 silly mapToRegistry   name: 'ejs',
14 silly mapToRegistry   rawSpec: '',
14 silly mapToRegistry   spec: 'latest',
14 silly mapToRegistry   type: 'tag' }
15 silly mapToRegistry uri https://registry.npmjs.org/ejs
16 verbose get https://registry.npmjs.org/ejs not expired, no request
17 silly install normalizeTree
18 silly loadCurrentTree Finishing
19 silly loadIdealTree Starting
20 silly install loadIdealTree
21 silly cloneCurrentTree Starting
22 silly install cloneCurrentTreeToIdealTree
23 silly cloneCurrentTree Finishing
24 silly loadShrinkwrap Starting
25 silly install loadShrinkwrap
26 silly loadShrinkwrap Finishing
27 silly loadAllDepsIntoIdealTree Starting
28 silly install loadAllDepsIntoIdealTree
29 silly resolveWithNewModule ejs@2.4.2 checking installable status
30 silly cache add args [ 'ejs@^2.4.2', null ]
31 verbose cache add spec ejs@^2.4.2
32 silly cache add parsed spec Result {
32 silly cache add   raw: 'ejs@^2.4.2',
32 silly cache add   scope: null,
32 silly cache add   name: 'ejs',
32 silly cache add   rawSpec: '^2.4.2',
32 silly cache add   spec: '>=2.4.2 <3.0.0',
32 silly cache add   type: 'range' }
33 silly addNamed ejs@>=2.4.2 <3.0.0
34 verbose addNamed ">=2.4.2 <3.0.0" is a valid semver range for ejs
35 silly addNameRange { name: 'ejs', range: '>=2.4.2 <3.0.0', hasData: false }
36 silly mapToRegistry name ejs
37 silly mapToRegistry using default registry
38 silly mapToRegistry registry https://registry.npmjs.org/
39 silly mapToRegistry data Result {
39 silly mapToRegistry   raw: 'ejs',
39 silly mapToRegistry   scope: null,
39 silly mapToRegistry   name: 'ejs',
39 silly mapToRegistry   rawSpec: '',
39 silly mapToRegistry   spec: 'latest',
39 silly mapToRegistry   type: 'tag' }
40 silly mapToRegistry uri https://registry.npmjs.org/ejs
41 verbose addNameRange registry:https://registry.npmjs.org/ejs not in flight; fetching
42 verbose get https://registry.npmjs.org/ejs not expired, no request
43 silly addNameRange number 2 { name: 'ejs', range: '>=2.4.2 <3.0.0', hasData: true }
44 silly addNameRange versions [ 'ejs',
44 silly addNameRange   [ '0.0.1',
44 silly addNameRange     '0.0.2',
44 silly addNameRange     '0.0.3',
44 silly addNameRange     '0.0.4',
44 silly addNameRange     '0.1.0',
44 silly addNameRange     '0.2.0',
44 silly addNameRange     '0.2.1',
44 silly addNameRange     '0.3.0',
44 silly addNameRange     '0.3.1',
44 silly addNameRange     '0.4.0',
44 silly addNameRange     '0.4.1',
44 silly addNameRange     '0.4.2',
44 silly addNameRange     '0.4.3',
44 silly addNameRange     '0.5.0',
44 silly addNameRange     '0.6.0',
44 silly addNameRange     '0.6.1',
44 silly addNameRange     '0.7.0',
44 silly addNameRange     '0.7.1',
44 silly addNameRange     '0.7.2',
44 silly addNameRange     '0.8.0',
44 silly addNameRange     '0.8.1',
44 silly addNameRange     '0.8.2',
44 silly addNameRange     '0.8.3',
44 silly addNameRange     '0.8.4',
44 silly addNameRange     '0.8.5',
44 silly addNameRange     '0.8.6',
44 silly addNameRange     '0.8.8',
44 silly addNameRange     '1.0.0',
44 silly addNameRange     '2.0.2',
44 silly addNameRange     '2.0.3',
44 silly addNameRange     '2.0.4',
44 silly addNameRange     '2.0.5',
44 silly addNameRange     '2.0.6',
44 silly addNameRange     '2.0.7',
44 silly addNameRange     '2.0.8',
44 silly addNameRange     '2.1.1',
44 silly addNameRange     '2.1.2',
44 silly addNameRange     '2.1.3',
44 silly addNameRange     '2.1.4',
44 silly addNameRange     '2.2.1',
44 silly addNameRange     '2.2.2',
44 silly addNameRange     '2.2.3',
44 silly addNameRange     '2.2.4',
44 silly addNameRange     '2.3.1',
44 silly addNameRange     '2.3.2',
44 silly addNameRange     '2.3.3',
44 silly addNameRange     '2.3.4',
44 silly addNameRange     '2.4.1',
44 silly addNameRange     '2.4.2' ] ]
45 silly addNamed ejs@2.4.2
46 verbose addNamed "2.4.2" is a plain semver version for ejs
47 silly cache afterAdd ejs@2.4.2
48 verbose afterAdd /Users/rockn/.npm/ejs/2.4.2/package/package.json not in flight; writing
49 verbose correctMkdir /Users/rockn/.npm correctMkdir not in flight; initializing
50 verbose afterAdd /Users/rockn/.npm/ejs/2.4.2/package/package.json written
51 silly loadAllDepsIntoIdealTree Finishing
52 silly idealTree:prePrune rocknrolla@1.0.0
52 silly idealTree:prePrune ├── accepts@1.3.3
52 silly idealTree:prePrune ├── ansi-regex@2.0.0
52 silly idealTree:prePrune ├── ansi-styles@2.2.1
52 silly idealTree:prePrune ├── array-flatten@1.1.1
52 silly idealTree:prePrune ├── asn1@0.2.3
52 silly idealTree:prePrune ├── assert-plus@0.2.0
52 silly idealTree:prePrune ├── async@1.5.2
52 silly idealTree:prePrune ├── aws-sign2@0.6.0
52 silly idealTree:prePrune ├── aws4@1.4.1
52 silly idealTree:prePrune ├── bl@1.1.2
52 silly idealTree:prePrune ├── boom@2.10.1
52 silly idealTree:prePrune ├── caseless@0.11.0
52 silly idealTree:prePrune ├── chalk@1.1.3
52 silly idealTree:prePrune ├── combined-stream@1.0.5
52 silly idealTree:prePrune ├── commander@2.9.0
52 silly idealTree:prePrune ├── content-disposition@0.5.1
52 silly idealTree:prePrune ├── content-type@1.0.2
52 silly idealTree:prePrune ├── cookie-signature@1.0.6
52 silly idealTree:prePrune ├── cookie@0.3.1
52 silly idealTree:prePrune ├── core-util-is@1.0.2
52 silly idealTree:prePrune ├── cryptiles@2.0.5
52 silly idealTree:prePrune ├─┬ dashdash@1.14.0
52 silly idealTree:prePrune │ └── assert-plus@1.0.0
52 silly idealTree:prePrune ├── debug@2.2.0
52 silly idealTree:prePrune ├── delayed-stream@1.0.0
52 silly idealTree:prePrune ├── depd@1.1.0
52 silly idealTree:prePrune ├── destroy@1.0.4
52 silly idealTree:prePrune ├── ecc-jsbn@0.1.1
52 silly idealTree:prePrune ├── ee-first@1.1.1
52 silly idealTree:prePrune ├── ejs@2.4.2
52 silly idealTree:prePrune ├── encodeurl@1.0.1
52 silly idealTree:prePrune ├── escape-html@1.0.3
52 silly idealTree:prePrune ├── escape-string-regexp@1.0.5
52 silly idealTree:prePrune ├── etag@1.7.0
52 silly idealTree:prePrune ├── express@4.14.0
52 silly idealTree:prePrune ├── extend@3.0.0
52 silly idealTree:prePrune ├── extsprintf@1.0.2
52 silly idealTree:prePrune ├── finalhandler@0.5.0
52 silly idealTree:prePrune ├── forever-agent@0.6.1
52 silly idealTree:prePrune ├── form-data@1.0.0-rc4
52 silly idealTree:prePrune ├── forwarded@0.1.0
52 silly idealTree:prePrune ├── fresh@0.3.0
52 silly idealTree:prePrune ├── generate-function@2.0.0
52 silly idealTree:prePrune ├── generate-object-property@1.2.0
52 silly idealTree:prePrune ├─┬ getpass@0.1.6
52 silly idealTree:prePrune │ └── assert-plus@1.0.0
52 silly idealTree:prePrune ├── graceful-readlink@1.0.1
52 silly idealTree:prePrune ├── har-validator@2.0.6
52 silly idealTree:prePrune ├── has-ansi@2.0.0
52 silly idealTree:prePrune ├── hawk@3.1.3
52 silly idealTree:prePrune ├── hoek@2.16.3
52 silly idealTree:prePrune ├── http-errors@1.5.0
52 silly idealTree:prePrune ├── http-signature@1.1.1
52 silly idealTree:prePrune ├── inherits@2.0.1
52 silly idealTree:prePrune ├── ipaddr.js@1.1.1
52 silly idealTree:prePrune ├── is-my-json-valid@2.13.1
52 silly idealTree:prePrune ├── is-property@1.0.2
52 silly idealTree:prePrune ├── is-typedarray@1.0.0
52 silly idealTree:prePrune ├── isarray@1.0.0
52 silly idealTree:prePrune ├── isstream@0.1.2
52 silly idealTree:prePrune ├── jodid25519@1.0.2
52 silly idealTree:prePrune ├── jsbn@0.1.0
52 silly idealTree:prePrune ├── json-schema@0.2.2
52 silly idealTree:prePrune ├── json-stringify-safe@5.0.1
52 silly idealTree:prePrune ├── jsonpointer@2.0.0
52 silly idealTree:prePrune ├── jsprim@1.3.0
52 silly idealTree:prePrune ├── media-typer@0.3.0
52 silly idealTree:prePrune ├── merge-descriptors@1.0.1
52 silly idealTree:prePrune ├── methods@1.1.2
52 silly idealTree:prePrune ├── mime-db@1.23.0
52 silly idealTree:prePrune ├── mime-types@2.1.11
52 silly idealTree:prePrune ├── mime@1.3.4
52 silly idealTree:prePrune ├── ms@0.7.1
52 silly idealTree:prePrune ├── negotiator@0.6.1
52 silly idealTree:prePrune ├── node-uuid@1.4.7
52 silly idealTree:prePrune ├── oauth-sign@0.8.2
52 silly idealTree:prePrune ├── on-finished@2.3.0
52 silly idealTree:prePrune ├── parseurl@1.3.1
52 silly idealTree:prePrune ├── path-to-regexp@0.1.7
52 silly idealTree:prePrune ├── pinkie-promise@2.0.1
52 silly idealTree:prePrune ├── pinkie@2.0.4
52 silly idealTree:prePrune ├── process-nextick-args@1.0.7
52 silly idealTree:prePrune ├── proxy-addr@1.1.2
52 silly idealTree:prePrune ├── qs@6.2.0
52 silly idealTree:prePrune ├── range-parser@1.2.0
52 silly idealTree:prePrune ├── readable-stream@2.0.6
52 silly idealTree:prePrune ├─┬ request@2.72.0
52 silly idealTree:prePrune │ └── qs@6.1.0
52 silly idealTree:prePrune ├── send@0.14.1
52 silly idealTree:prePrune ├── serve-static@1.11.1
52 silly idealTree:prePrune ├── setprototypeof@1.0.1
52 silly idealTree:prePrune ├── sntp@1.0.9
52 silly idealTree:prePrune ├─┬ sshpk@1.8.3
52 silly idealTree:prePrune │ └── assert-plus@1.0.0
52 silly idealTree:prePrune ├── statuses@1.3.0
52 silly idealTree:prePrune ├── string_decoder@0.10.31
52 silly idealTree:prePrune ├── stringstream@0.0.5
52 silly idealTree:prePrune ├── strip-ansi@3.0.1
52 silly idealTree:prePrune ├── supports-color@2.0.0
52 silly idealTree:prePrune ├── tough-cookie@2.2.2
52 silly idealTree:prePrune ├── tunnel-agent@0.4.3
52 silly idealTree:prePrune ├── tweetnacl@0.13.3
52 silly idealTree:prePrune ├── type-is@1.6.13
52 silly idealTree:prePrune ├── unpipe@1.0.0
52 silly idealTree:prePrune ├── util-deprecate@1.0.2
52 silly idealTree:prePrune ├── utils-merge@1.0.0
52 silly idealTree:prePrune ├── vary@1.1.0
52 silly idealTree:prePrune ├── verror@1.3.6
52 silly idealTree:prePrune └── xtend@4.0.1
53 silly loadIdealTree Finishing
54 silly currentTree rocknrolla@1.0.0
54 silly currentTree ├── accepts@1.3.3
54 silly currentTree ├── ansi-regex@2.0.0
54 silly currentTree ├── ansi-styles@2.2.1
54 silly currentTree ├── array-flatten@1.1.1
54 silly currentTree ├── asn1@0.2.3
54 silly currentTree ├── assert-plus@0.2.0
54 silly currentTree ├── async@1.5.2
54 silly currentTree ├── aws-sign2@0.6.0
54 silly currentTree ├── aws4@1.4.1
54 silly currentTree ├── bl@1.1.2
54 silly currentTree ├── boom@2.10.1
54 silly currentTree ├── caseless@0.11.0
54 silly currentTree ├── chalk@1.1.3
54 silly currentTree ├── combined-stream@1.0.5
54 silly currentTree ├── commander@2.9.0
54 silly currentTree ├── content-disposition@0.5.1
54 silly currentTree ├── content-type@1.0.2
54 silly currentTree ├── cookie-signature@1.0.6
54 silly currentTree ├── cookie@0.3.1
54 silly currentTree ├── core-util-is@1.0.2
54 silly currentTree ├── cryptiles@2.0.5
54 silly currentTree ├─┬ dashdash@1.14.0
54 silly currentTree │ └── assert-plus@1.0.0
54 silly currentTree ├── debug@2.2.0
54 silly currentTree ├── delayed-stream@1.0.0
54 silly currentTree ├── depd@1.1.0
54 silly currentTree ├── destroy@1.0.4
54 silly currentTree ├── ecc-jsbn@0.1.1
54 silly currentTree ├── ee-first@1.1.1
54 silly currentTree ├── ejs@2.4.2
54 silly currentTree ├── encodeurl@1.0.1
54 silly currentTree ├── escape-html@1.0.3
54 silly currentTree ├── escape-string-regexp@1.0.5
54 silly currentTree ├── etag@1.7.0
54 silly currentTree ├── express@4.14.0
54 silly currentTree ├── extend@3.0.0
54 silly currentTree ├── extsprintf@1.0.2
54 silly currentTree ├── finalhandler@0.5.0
54 silly currentTree ├── forever-agent@0.6.1
54 silly currentTree ├── form-data@1.0.0-rc4
54 silly currentTree ├── forwarded@0.1.0
54 silly currentTree ├── fresh@0.3.0
54 silly currentTree ├── generate-function@2.0.0
54 silly currentTree ├── generate-object-property@1.2.0
54 silly currentTree ├─┬ getpass@0.1.6
54 silly currentTree │ └── assert-plus@1.0.0
54 silly currentTree ├── graceful-readlink@1.0.1
54 silly currentTree ├── har-validator@2.0.6
54 silly currentTree ├── has-ansi@2.0.0
54 silly currentTree ├── hawk@3.1.3
54 silly currentTree ├── hoek@2.16.3
54 silly currentTree ├── http-errors@1.5.0
54 silly currentTree ├── http-signature@1.1.1
54 silly currentTree ├── inherits@2.0.1
54 silly currentTree ├── ipaddr.js@1.1.1
54 silly currentTree ├── is-my-json-valid@2.13.1
54 silly currentTree ├── is-property@1.0.2
54 silly currentTree ├── is-typedarray@1.0.0
54 silly currentTree ├── isarray@1.0.0
54 silly currentTree ├── isstream@0.1.2
54 silly currentTree ├── jodid25519@1.0.2
54 silly currentTree ├── jsbn@0.1.0
54 silly currentTree ├── json-schema@0.2.2
54 silly currentTree ├── json-stringify-safe@5.0.1
54 silly currentTree ├── jsonpointer@2.0.0
54 silly currentTree ├── jsprim@1.3.0
54 silly currentTree ├── media-typer@0.3.0
54 silly currentTree ├── merge-descriptors@1.0.1
54 silly currentTree ├── methods@1.1.2
54 silly currentTree ├── mime-db@1.23.0
54 silly currentTree ├── mime-types@2.1.11
54 silly currentTree ├── mime@1.3.4
54 silly currentTree ├── ms@0.7.1
54 silly currentTree ├── negotiator@0.6.1
54 silly currentTree ├── node-uuid@1.4.7
54 silly currentTree ├── oauth-sign@0.8.2
54 silly currentTree ├── on-finished@2.3.0
54 silly currentTree ├── parseurl@1.3.1
54 silly currentTree ├── path-to-regexp@0.1.7
54 silly currentTree ├── pinkie-promise@2.0.1
54 silly currentTree ├── pinkie@2.0.4
54 silly currentTree ├── process-nextick-args@1.0.7
54 silly currentTree ├── proxy-addr@1.1.2
54 silly currentTree ├── qs@6.2.0
54 silly currentTree ├── range-parser@1.2.0
54 silly currentTree ├── readable-stream@2.0.6
54 silly currentTree ├─┬ request@2.72.0
54 silly currentTree │ └── qs@6.1.0
54 silly currentTree ├── send@0.14.1
54 silly currentTree ├── serve-static@1.11.1
54 silly currentTree ├── setprototypeof@1.0.1
54 silly currentTree ├── sntp@1.0.9
54 silly currentTree ├─┬ sshpk@1.8.3
54 silly currentTree │ └── assert-plus@1.0.0
54 silly currentTree ├── statuses@1.3.0
54 silly currentTree ├── string_decoder@0.10.31
54 silly currentTree ├── stringstream@0.0.5
54 silly currentTree ├── strip-ansi@3.0.1
54 silly currentTree ├── supports-color@2.0.0
54 silly currentTree ├── tough-cookie@2.2.2
54 silly currentTree ├── tunnel-agent@0.4.3
54 silly currentTree ├── tweetnacl@0.13.3
54 silly currentTree ├── type-is@1.6.13
54 silly currentTree ├── unpipe@1.0.0
54 silly currentTree ├── util-deprecate@1.0.2
54 silly currentTree ├── utils-merge@1.0.0
54 silly currentTree ├── vary@1.1.0
54 silly currentTree ├── verror@1.3.6
54 silly currentTree └── xtend@4.0.1
55 silly idealTree rocknrolla@1.0.0
55 silly idealTree ├── accepts@1.3.3
55 silly idealTree ├── ansi-regex@2.0.0
55 silly idealTree ├── ansi-styles@2.2.1
55 silly idealTree ├── array-flatten@1.1.1
55 silly idealTree ├── asn1@0.2.3
55 silly idealTree ├── assert-plus@0.2.0
55 silly idealTree ├── async@1.5.2
55 silly idealTree ├── aws-sign2@0.6.0
55 silly idealTree ├── aws4@1.4.1
55 silly idealTree ├── bl@1.1.2
55 silly idealTree ├── boom@2.10.1
55 silly idealTree ├── caseless@0.11.0
55 silly idealTree ├── chalk@1.1.3
55 silly idealTree ├── combined-stream@1.0.5
55 silly idealTree ├── commander@2.9.0
55 silly idealTree ├── content-disposition@0.5.1
55 silly idealTree ├── content-type@1.0.2
55 silly idealTree ├── cookie-signature@1.0.6
55 silly idealTree ├── cookie@0.3.1
55 silly idealTree ├── core-util-is@1.0.2
55 silly idealTree ├── cryptiles@2.0.5
55 silly idealTree ├─┬ dashdash@1.14.0
55 silly idealTree │ └── assert-plus@1.0.0
55 silly idealTree ├── debug@2.2.0
55 silly idealTree ├── delayed-stream@1.0.0
55 silly idealTree ├── depd@1.1.0
55 silly idealTree ├── destroy@1.0.4
55 silly idealTree ├── ecc-jsbn@0.1.1
55 silly idealTree ├── ee-first@1.1.1
55 silly idealTree ├── ejs@2.4.2
55 silly idealTree ├── encodeurl@1.0.1
55 silly idealTree ├── escape-html@1.0.3
55 silly idealTree ├── escape-string-regexp@1.0.5
55 silly idealTree ├── etag@1.7.0
55 silly idealTree ├── express@4.14.0
55 silly idealTree ├── extend@3.0.0
55 silly idealTree ├── extsprintf@1.0.2
55 silly idealTree ├── finalhandler@0.5.0
55 silly idealTree ├── forever-agent@0.6.1
55 silly idealTree ├── form-data@1.0.0-rc4
55 silly idealTree ├── forwarded@0.1.0
55 silly idealTree ├── fresh@0.3.0
55 silly idealTree ├── generate-function@2.0.0
55 silly idealTree ├── generate-object-property@1.2.0
55 silly idealTree ├─┬ getpass@0.1.6
55 silly idealTree │ └── assert-plus@1.0.0
55 silly idealTree ├── graceful-readlink@1.0.1
55 silly idealTree ├── har-validator@2.0.6
55 silly idealTree ├── has-ansi@2.0.0
55 silly idealTree ├── hawk@3.1.3
55 silly idealTree ├── hoek@2.16.3
55 silly idealTree ├── http-errors@1.5.0
55 silly idealTree ├── http-signature@1.1.1
55 silly idealTree ├── inherits@2.0.1
55 silly idealTree ├── ipaddr.js@1.1.1
55 silly idealTree ├── is-my-json-valid@2.13.1
55 silly idealTree ├── is-property@1.0.2
55 silly idealTree ├── is-typedarray@1.0.0
55 silly idealTree ├── isarray@1.0.0
55 silly idealTree ├── isstream@0.1.2
55 silly idealTree ├── jodid25519@1.0.2
55 silly idealTree ├── jsbn@0.1.0
55 silly idealTree ├── json-schema@0.2.2
55 silly idealTree ├── json-stringify-safe@5.0.1
55 silly idealTree ├── jsonpointer@2.0.0
55 silly idealTree ├── jsprim@1.3.0
55 silly idealTree ├── media-typer@0.3.0
55 silly idealTree ├── merge-descriptors@1.0.1
55 silly idealTree ├── methods@1.1.2
55 silly idealTree ├── mime-db@1.23.0
55 silly idealTree ├── mime-types@2.1.11
55 silly idealTree ├── mime@1.3.4
55 silly idealTree ├── ms@0.7.1
55 silly idealTree ├── negotiator@0.6.1
55 silly idealTree ├── node-uuid@1.4.7
55 silly idealTree ├── oauth-sign@0.8.2
55 silly idealTree ├── on-finished@2.3.0
55 silly idealTree ├── parseurl@1.3.1
55 silly idealTree ├── path-to-regexp@0.1.7
55 silly idealTree ├── pinkie-promise@2.0.1
55 silly idealTree ├── pinkie@2.0.4
55 silly idealTree ├── process-nextick-args@1.0.7
55 silly idealTree ├── proxy-addr@1.1.2
55 silly idealTree ├── qs@6.2.0
55 silly idealTree ├── range-parser@1.2.0
55 silly idealTree ├── readable-stream@2.0.6
55 silly idealTree ├─┬ request@2.72.0
55 silly idealTree │ └── qs@6.1.0
55 silly idealTree ├── send@0.14.1
55 silly idealTree ├── serve-static@1.11.1
55 silly idealTree ├── setprototypeof@1.0.1
55 silly idealTree ├── sntp@1.0.9
55 silly idealTree ├─┬ sshpk@1.8.3
55 silly idealTree │ └── assert-plus@1.0.0
55 silly idealTree ├── statuses@1.3.0
55 silly idealTree ├── string_decoder@0.10.31
55 silly idealTree ├── stringstream@0.0.5
55 silly idealTree ├── strip-ansi@3.0.1
55 silly idealTree ├── supports-color@2.0.0
55 silly idealTree ├── tough-cookie@2.2.2
55 silly idealTree ├── tunnel-agent@0.4.3
55 silly idealTree ├── tweetnacl@0.13.3
55 silly idealTree ├── type-is@1.6.13
55 silly idealTree ├── unpipe@1.0.0
55 silly idealTree ├── util-deprecate@1.0.2
55 silly idealTree ├── utils-merge@1.0.0
55 silly idealTree ├── vary@1.1.0
55 silly idealTree ├── verror@1.3.6
55 silly idealTree └── xtend@4.0.1
56 silly generateActionsToTake Starting
57 silly install generateActionsToTake
58 silly generateActionsToTake Finishing
59 silly diffTrees action count 0
60 silly decomposeActions action count 0
61 silly executeActions Starting
62 silly install executeActions
63 silly doSerial global-install 0
64 silly doParallel fetch 0
65 verbose correctMkdir /Users/rockn/.npm/_locks correctMkdir not in flight; initializing
66 verbose lock using /Users/rockn/.npm/_locks/staging-f46106539c4f230f.lock for /Users/rockn/Desktop/rocknrolla/node_modules/.staging
67 verbose unlock done using /Users/rockn/.npm/_locks/staging-f46106539c4f230f.lock for /Users/rockn/Desktop/rocknrolla/node_modules/.staging
68 silly rollbackFailedOptional Starting
69 silly rollbackFailedOptional Finishing
70 silly runTopLevelLifecycles Starting
71 silly runTopLevelLifecycles Finishing
72 silly install printInstalled
73 warn rocknrolla@1.0.0 No repository field.
74 verbose stack Error: EACCES: permission denied, mkdir '/Users/rockn/Desktop/rocknrolla/node_modules/.staging'
74 verbose stack     at Error (native)
75 verbose cwd /Users/rockn/Desktop/rocknrolla
76 error Darwin 15.5.0
77 error argv "/usr/local/bin/node" "/usr/local/bin/npm" "install" "ejs" "--save"
78 error node v4.4.5
79 error npm  v3.9.5
80 error path /Users/rockn/Desktop/rocknrolla/node_modules/.staging
81 error code EACCES
82 error errno -13
83 error syscall mkdir
84 error Error: EACCES: permission denied, mkdir '/Users/rockn/Desktop/rocknrolla/node_modules/.staging'
84 error     at Error (native)
84 error  { [Error: EACCES: permission denied, mkdir '/Users/rockn/Desktop/rocknrolla/node_modules/.staging']
84 error   errno: -13,
84 error   code: 'EACCES',
84 error   syscall: 'mkdir',
84 error   path: '/Users/rockn/Desktop/rocknrolla/node_modules/.staging' }
85 error Please try running this command again as root/Administrator.
86 verbose exit [ -13, true ]
